<?xml version="1.0" encoding="UTF-8"?>
<!-- Generated by org.testng.reporters.JUnitReportReporter -->
<testsuite skipped="0" hostname="DESKTOP-IFJIGM4" name="pakOne.Login_TestNG" tests="2" failures="0" timestamp="2022-10-13T09:10:34 CDT" time="15.986" errors="0">
  <testcase name="loginTest" time="10.627" classname="pakOne.Login_TestNG"/>
  <system-out/>
  <testcase name="addCustomerTest" time="5.359" classname="pakOne.Login_TestNG"/>
  <system-out/>
</testsuite> <!-- pakOne.Login_TestNG -->
